<?xml version="1.0" encoding="UTF-8"?>
<!-- Generated by org.testng.reporters.JUnitXMLReporter -->
<testsuite ignored="0" hostname="Harinder" failures="0" tests="6" name="Surefire test" time="6.956" errors="0" timestamp="2023-12-31T06:33:16 MST">
  <testcase classname="com.HarinderKaur.SauceLabsPractice.AccountCreatedTest" name="@BeforeMethod setUp" time="4.064">
    <failure type="org.openqa.selenium.remote.http.ConnectionFailedException" message="Unable to establish websocket connection to http://localhost:60017/devtools/browser/f1bc3182-7831-4995-98e6-c937c1d9daf8
Build info: version: &amp;apos;4.0.0&amp;apos;, revision: &amp;apos;3a21814679&amp;apos;
System info: host: &amp;apos;HARINDER&amp;apos;, ip: &amp;apos;192.168.1.101&amp;apos;, os.name: &amp;apos;Windows 11&amp;apos;, os.arch: &amp;apos;amd64&amp;apos;, os.version: &amp;apos;10.0&amp;apos;, java.version: &amp;apos;17.0.5&amp;apos;
Driver info: driver.version: EdgeDriver">
      <![CDATA[org.openqa.selenium.remote.http.ConnectionFailedException: Unable to establish websocket connection to http://localhost:60017/devtools/browser/f1bc3182-7831-4995-98e6-c937c1d9daf8
Build info: version: '4.0.0', revision: '3a21814679'
System info: host: 'HARINDER', ip: '192.168.1.101', os.name: 'Windows 11', os.arch: 'amd64', os.version: '10.0', java.version: '17.0.5'
Driver info: driver.version: EdgeDriver
at org.openqa.selenium.remote.http.netty.NettyWebSocket.<init>(NettyWebSocket.java:104)
at org.openqa.selenium.remote.http.netty.NettyWebSocket.lambda$create$3(NettyWebSocket.java:137)
at org.openqa.selenium.remote.http.netty.NettyClient.openSocket(NettyClient.java:127)
at org.openqa.selenium.devtools.Connection.<init>(Connection.java:77)
at org.openqa.selenium.chromium.ChromiumDriver.lambda$new$2(ChromiumDriver.java:124)
at java.base/java.util.Optional.map(Optional.java:260)
at org.openqa.selenium.chromium.ChromiumDriver.<init>(ChromiumDriver.java:122)
at org.openqa.selenium.edge.EdgeDriver.<init>(EdgeDriver.java:49)
at org.openqa.selenium.edge.EdgeDriver.<init>(EdgeDriver.java:41)
at org.openqa.selenium.edge.EdgeDriver.<init>(EdgeDriver.java:38)
at com.HarinderKaur.SauceLabsPractice.TestBase.launchBrowser(TestBase.java:31)
at com.HarinderKaur.SauceLabsPractice.AccountCreatedTest.setUp(AccountCreatedTest.java:15)
at java.base/java.util.ArrayList.forEach(ArrayList.java:1511)
... Removed 36 stack frames]]>
    </failure>
  </testcase> <!-- @BeforeMethod setUp -->
  <testcase classname="com.HarinderKaur.SauceLabsPractice.AccountCreatedTest" name="@AfterMethod tearDown" time="-1.704029593777E9">
    <skipped/>
  </testcase> <!-- @AfterMethod tearDown -->
  <testcase classname="com.HarinderKaur.SauceLabsPractice.AccountLogOutTest" name="@BeforeMethod setUp" time="2.793">
    <failure type="org.openqa.selenium.remote.http.ConnectionFailedException" message="Unable to establish websocket connection to http://localhost:60050/devtools/browser/de315e97-0fa8-4d79-9626-a1d0003dcd7f
Build info: version: &amp;apos;4.0.0&amp;apos;, revision: &amp;apos;3a21814679&amp;apos;
System info: host: &amp;apos;HARINDER&amp;apos;, ip: &amp;apos;192.168.1.101&amp;apos;, os.name: &amp;apos;Windows 11&amp;apos;, os.arch: &amp;apos;amd64&amp;apos;, os.version: &amp;apos;10.0&amp;apos;, java.version: &amp;apos;17.0.5&amp;apos;
Driver info: driver.version: EdgeDriver">
      <![CDATA[org.openqa.selenium.remote.http.ConnectionFailedException: Unable to establish websocket connection to http://localhost:60050/devtools/browser/de315e97-0fa8-4d79-9626-a1d0003dcd7f
Build info: version: '4.0.0', revision: '3a21814679'
System info: host: 'HARINDER', ip: '192.168.1.101', os.name: 'Windows 11', os.arch: 'amd64', os.version: '10.0', java.version: '17.0.5'
Driver info: driver.version: EdgeDriver
at org.openqa.selenium.remote.http.netty.NettyWebSocket.<init>(NettyWebSocket.java:104)
at org.openqa.selenium.remote.http.netty.NettyWebSocket.lambda$create$3(NettyWebSocket.java:137)
at org.openqa.selenium.remote.http.netty.NettyClient.openSocket(NettyClient.java:127)
at org.openqa.selenium.devtools.Connection.<init>(Connection.java:77)
at org.openqa.selenium.chromium.ChromiumDriver.lambda$new$2(ChromiumDriver.java:124)
at java.base/java.util.Optional.map(Optional.java:260)
at org.openqa.selenium.chromium.ChromiumDriver.<init>(ChromiumDriver.java:122)
at org.openqa.selenium.edge.EdgeDriver.<init>(EdgeDriver.java:49)
at org.openqa.selenium.edge.EdgeDriver.<init>(EdgeDriver.java:41)
at org.openqa.selenium.edge.EdgeDriver.<init>(EdgeDriver.java:38)
at com.HarinderKaur.SauceLabsPractice.TestBase.launchBrowser(TestBase.java:31)
at com.HarinderKaur.SauceLabsPractice.AccountLogOutTest.setUp(AccountLogOutTest.java:16)
at java.base/java.util.ArrayList.forEach(ArrayList.java:1511)
... Removed 36 stack frames]]>
    </failure>
  </testcase> <!-- @BeforeMethod setUp -->
  <testcase classname="com.HarinderKaur.SauceLabsPractice.AccountLogOutTest" name="@AfterMethod tearDown" time="-1.704029596581E9">
    <skipped/>
  </testcase> <!-- @AfterMethod tearDown -->
  <testcase classname="com.HarinderKaur.SauceLabsPractice.SauceLabsExample" name="@BeforeClass setUp" time="-1.704029596581E9">
    <failure type="org.testng.TestNGException" message="
Parameter &amp;apos;browser&amp;apos; is required by BeforeClass on method setUp but has not been marked @Optional or defined
">
      <![CDATA[org.testng.TestNGException: 
Parameter 'browser' is required by BeforeClass on method setUp but has not been marked @Optional or defined

at java.base/java.util.ArrayList.forEach(ArrayList.java:1511)
... Removed 27 stack frames]]>
    </failure>
  </testcase> <!-- @BeforeClass setUp -->
  <testcase classname="com.HarinderKaur.SauceLabsPractice.SauceLabsExample" name="@AfterClass tearDown" time="-1.704029596584E9">
    <skipped/>
  </testcase> <!-- @AfterClass tearDown -->
  <testcase classname="com.HarinderKaur.SauceLabsPractice.AccountCreatedTest" name="validateUserRegistration" time="0.0">
    <skipped/>
  </testcase> <!-- validateUserRegistration -->
  <testcase classname="com.HarinderKaur.SauceLabsPractice.AccountLoginTest" name="verifyLoginCredentials" time="0.0">
    <skipped/>
  </testcase> <!-- verifyLoginCredentials -->
  <testcase classname="com.HarinderKaur.SauceLabsPractice.AccountLogOutTest" name="validateLogOut" time="0.0">
    <skipped/>
  </testcase> <!-- validateLogOut -->
  <testcase classname="com.HarinderKaur.SauceLabsPractice.SauceLabsExample" name="verifyLogin" time="0.0">
    <skipped/>
  </testcase> <!-- verifyLogin -->
  <testcase classname="com.HarinderKaur.SauceLabsPractice.SauceTests" name="checkAdTocartButtonTest" time="0.0">
    <skipped/>
  </testcase> <!-- checkAdTocartButtonTest -->
  <testcase classname="com.HarinderKaur.SauceLabsPractice.SauceTests" name="checkInventoryItemTest" time="0.0">
    <skipped/>
  </testcase> <!-- checkInventoryItemTest -->
</testsuite> <!-- Surefire test -->
